<?xml version="1.0" encoding="UTF-8"?>
<testsuite xmlns:xsi="http://www.w3.org/2001/XMLSchema-instance" xsi:noNamespaceSchemaLocation="https://maven.apache.org/surefire/maven-surefire-plugin/xsd/surefire-test-report.xsd" name="trustacean.RgbToHexTest" time="0.038" tests="1" errors="0" skipped="0" failures="0">
  <properties>
    <property name="java.specification.version" value="21"/>
    <property name="sun.cpu.isalist" value="amd64"/>
    <property name="sun.jnu.encoding" value="Cp1252"/>
    <property name="java.class.path" value="D:\Codes\Java\codewars stuff - java\5-kyu\rgb-to-hex-conversion\target\test-classes;D:\Codes\Java\codewars stuff - java\5-kyu\rgb-to-hex-conversion\target\classes;C:\Users\Trustacean\.m2\repository\junit\junit\4.11\junit-4.11.jar;C:\Users\Trustacean\.m2\repository\org\hamcrest\hamcrest-core\1.3\hamcrest-core-1.3.jar;"/>
    <property name="java.vm.vendor" value="Oracle Corporation"/>
    <property name="sun.arch.data.model" value="64"/>
    <property name="user.variant" value=""/>
    <property name="java.vendor.url" value="https://java.oracle.com/"/>
    <property name="user.timezone" value="Asia/Jakarta"/>
    <property name="os.name" value="Windows 11"/>
    <property name="java.vm.specification.version" value="21"/>
    <property name="user.country" value="US"/>
    <property name="sun.java.launcher" value="SUN_STANDARD"/>
    <property name="sun.boot.library.path" value="C:\Program Files\Java\jdk-21\bin"/>
    <property name="sun.java.command" value="C:\Users\TRUSTA~1\AppData\Local\Temp\surefire162235100083971726\surefirebooter11594402372215140158.jar C:\Users\Trustacean\AppData\Local\Temp\surefire162235100083971726 2024-08-31T14-14-54_507-jvmRun1 surefire4982058889215739707tmp surefire_011664159383514913313tmp"/>
    <property name="jdk.debug" value="release"/>
    <property name="test" value="trustacean.RgbToHexTest"/>
    <property name="surefire.test.class.path" value="D:\Codes\Java\codewars stuff - java\5-kyu\rgb-to-hex-conversion\target\test-classes;D:\Codes\Java\codewars stuff - java\5-kyu\rgb-to-hex-conversion\target\classes;C:\Users\Trustacean\.m2\repository\junit\junit\4.11\junit-4.11.jar;C:\Users\Trustacean\.m2\repository\org\hamcrest\hamcrest-core\1.3\hamcrest-core-1.3.jar;"/>
    <property name="sun.cpu.endian" value="little"/>
    <property name="user.home" value="C:\Users\Trustacean"/>
    <property name="user.language" value="en"/>
    <property name="java.specification.vendor" value="Oracle Corporation"/>
    <property name="java.version.date" value="2024-04-16"/>
    <property name="java.home" value="C:\Program Files\Java\jdk-21"/>
    <property name="file.separator" value="\"/>
    <property name="basedir" value="D:\Codes\Java\codewars stuff - java\5-kyu\rgb-to-hex-conversion"/>
    <property name="java.vm.compressedOopsMode" value="Zero based"/>
    <property name="line.separator" value="&#10;"/>
    <property name="java.vm.specification.vendor" value="Oracle Corporation"/>
    <property name="java.specification.name" value="Java Platform API Specification"/>
    <property name="surefire.real.class.path" value="C:\Users\TRUSTA~1\AppData\Local\Temp\surefire162235100083971726\surefirebooter11594402372215140158.jar"/>
    <property name="user.script" value=""/>
    <property name="sun.management.compiler" value="HotSpot 64-Bit Tiered Compilers"/>
    <property name="java.runtime.version" value="21.0.3+7-LTS-152"/>
    <property name="user.name" value="Trustacean"/>
    <property name="stdout.encoding" value="Cp1252"/>
    <property name="path.separator" value=";"/>
    <property name="os.version" value="10.0"/>
    <property name="java.runtime.name" value="Java(TM) SE Runtime Environment"/>
    <property name="file.encoding" value="UTF-8"/>
    <property name="java.vm.name" value="Java HotSpot(TM) 64-Bit Server VM"/>
    <property name="maven.ext.class.path" value="C:\Users\Trustacean\.vscode\extensions\oracle.oracle-java-22.1.1\nbcode\java\maven-nblib\netbeans-eventspy.jar"/>
    <property name="localRepository" value="C:\Users\Trustacean\.m2\repository"/>
    <property name="java.vendor.url.bug" value="https://bugreport.java.com/bugreport/"/>
    <property name="java.io.tmpdir" value="C:\Users\TRUSTA~1\AppData\Local\Temp\"/>
    <property name="java.version" value="21.0.3"/>
    <property name="user.dir" value="D:\Codes\Java\codewars stuff - java\5-kyu\rgb-to-hex-conversion"/>
    <property name="os.arch" value="amd64"/>
    <property name="java.vm.specification.name" value="Java Virtual Machine Specification"/>
    <property name="sun.os.patch.level" value=""/>
    <property name="native.encoding" value="Cp1252"/>
    <property name="java.library.path" value="C:\Program Files\Java\jdk-21\bin;C:\Windows\Sun\Java\bin;C:\Windows\system32;C:\Windows;C:\Program Files (x86)\VMware\VMware Workstation\bin\;C:\Program Files (x86)\Common Files\Oracle\Java\javapath;C:\Program Files\NVIDIA GPU Computing Toolkit\CUDA\v12.5\bin;C:\Program Files\NVIDIA GPU Computing Toolkit\CUDA\v12.5\libnvvp;C:\Program Files\Eclipse Adoptium\jdk-21.0.3.9-hotspot\bin;C:\oraclexe\app\oracle\product\11.2.0\server\bin;C:\Program Files\Common Files\Oracle\Java\javapath;C:\oraclexe\app\oracle\product\11.2.0\server\bin;C:\Windows\system32;C:\Windows;C:\Windows\System32\Wbem;C:\Windows\System32\WindowsPowerShell\v1.0\;C:\Windows\System32\OpenSSH\;C:\Program Files (x86)\NVIDIA Corporation\PhysX\Common;D:\Program Files\Git\cmd;C:\Program Files\dotnet\;C:\ProgramData\chocolatey\bin;C:\tools\php83;C:\ProgramData\ComposerSetup\bin;C:\Program Files\Docker\Docker\resources\bin;C:\msys64\ucrt64\bin;C:\Program Files (x86)\Windows Kits\10\Windows Performance Toolkit\;C:\Program Files\nodejs\;C:\Program Files\NVIDIA Corporation\Nsight Compute 2024.2.0\;C:\Program Files\NVIDIA Corporation\NVIDIA app\NvDLISR;C:\Program Files\PuTTY\;C:\Users\Trustacean\AppData\Local\Microsoft\WindowsApps;C:\Users\Trustacean\AppData\Local\Programs\Microsoft VS Code\bin;C:\Users\Trustacean\.dotnet\tools;C:\Users\Trustacean\AppData\Local\Pandoc\;C:\Users\Trustacean\AppData\Roaming\Composer\vendor\bin;C:\msys64\ucrt64\bin;C:\Users\Trustacean\AppData\Roaming\npm;."/>
    <property name="java.vm.info" value="mixed mode, sharing"/>
    <property name="stderr.encoding" value="Cp1252"/>
    <property name="java.vendor" value="Oracle Corporation"/>
    <property name="java.vm.version" value="21.0.3+7-LTS-152"/>
    <property name="sun.io.unicode.encoding" value="UnicodeLittle"/>
    <property name="java.class.version" value="65.0"/>
  </properties>
  <testcase name="sampleTests" classname="trustacean.RgbToHexTest" time="0.006"/>
</testsuite>